<?xml version="1.0" encoding="UTF-8"?>
<!-- Generated by org.testng.reporters.JUnitReportReporter -->
<testsuite hostname="DESKTOP-4QRB5H5" failures="0" tests="1" name="TestRunner.Run" time="14.398" errors="0" timestamp="2024-04-23T20:47:07 IST" skipped="0">
  <testcase classname="TestRunner.Run" name="runScenario" time="14.398"/>
</testsuite> <!-- TestRunner.Run -->
